[2023-02-24 16:35:03 INFO][LiteLoader] åŠ è½½åŸç”Ÿæ’ä»¶...
[2023-02-24 16:35:03 INFO][LiteLoader] åŸç”Ÿæ’ä»¶ <LLMoney.dll> å·²åŠ è½½
[2023-02-24 16:35:04 INFO][LiteLoader] * Js è„šæœ¬å¼•æ“å·²åŠ è½½
[2023-02-24 16:35:04 INFO][LiteLoader] * Lua è„šæœ¬å¼•æ“å·²åŠ è½½
[2023-02-24 16:35:04 INFO][LiteLoader] * NodeJs è„šæœ¬å¼•æ“å·²åŠ è½½
[2023-02-24 16:35:04 INFO][LiteLoader] å·²åŠ è½½ 1 ä¸ªåŸç”Ÿæ’ä»¶
[2023-02-24 16:35:04 INFO][bStats] bStatså·²å¯ç”¨ï¼Œä½ å¯ä»¥é€šè¿‡ç¼–è¾‘ plugins/bStats/config.json æ¥ç¦ç”¨å®ƒ
[2023-02-24 16:35:04 INFO][Server] Starting Server
[2023-02-24 16:35:04 INFO][Server] Version 1.19.62.01(ProtocolVersion 567) with [1m[3m[38;2;135;206;250mLiteLoaderBDS 2.10.1+[0m
[2023-02-24 16:35:04 INFO][Server] Session ID d9b8c011-9b36-42e7-9679-f733cfcd3ae4
[2023-02-24 16:35:04 INFO][Server] Level Name: Bedrock level
[2023-02-24 16:35:04 INFO][Server] Game mode: 0 Survival
[2023-02-24 16:35:04 INFO][Server] Difficulty: 2 NORMAL
[2023-02-24 16:35:04 INFO][Server] Experiment(s) active: ddi_, biom, ucft, gtst, mola, CnC_, wld_, spct, VE__, scpt
[2023-02-24 16:35:04 INFO][Server] opening worlds/Bedrock level/db
[2023-02-24 16:35:05 INFO][Server] IPv4 supported, port: 34091: Used for gameplay and LAN discovery
[2023-02-24 16:35:05 INFO][Server] IPv6 supported, port: 34091: Used for gameplay
[2023-02-24 16:35:06 INFO][LiteLoader] LiteLoaderé‡‡ç”¨ LGPLv3 è®¸å¯è¯å¼€æº
[2023-02-24 16:35:06 INFO][LiteLoader] æˆ‘ä»¬çš„æ–°è®ºå›ä¸Šçº¿äº†å•¦! -> https://forum.litebds.com
[2023-02-24 16:35:06 INFO][LiteLoader] å¸®åŠ©æˆ‘ä»¬ç¿»è¯‘&æ”¹è¿›ç¿»è¯‘ -> https://crowdin.com/project/liteloaderbds
[2023-02-24 16:35:06 INFO][LiteLoader] Thanks to RhyMC(rhymc.com) for the support
[2023-02-24 16:35:06 INFO][Server] To enable Server Telemetry, add the line 'emit-server-telemetry=true' to the server.properties file in the bds directory
